<?xml version="1.0" encoding="UTF-8"?>
<!-- Generated by org.testng.reporters.JUnitXMLReporter -->
<testsuite ignored="0" hostname="pheebepc" failures="1" tests="1" name="OpencartTest" time="17.789" errors="0" timestamp="2023-03-07T18:35:18 EST">
  <testcase classname="testCases.TC_002_LoginTest" name="test_login" time="10.84">
    <failure type="java.lang.AssertionError" message="Invalid Data expected [true] but found [false]">
      <![CDATA[java.lang.AssertionError: Invalid Data expected [true] but found [false]
at testCases.TC_002_LoginTest.test_login(TC_002_LoginTest.java:37)
at java.base/java.util.ArrayList.forEach(ArrayList.java:1511)
... Removed 32 stack frames]]>
    </failure>
  </testcase> <!-- test_login -->
</testsuite> <!-- OpencartTest -->
